 command line:
   ./whsubtractor_isim_beh.exe
     -intstyle  ise
     -ipchost  localhost
     -ipcport  57737

Mon Jun 13 21:20:40 2022

Total Line Count : 69

 Elaboration time : 0.03125 sec.

 Estimate current memory usage : 157.872 Meg. 

 Total Signals          : 17
 Total Nets             : 5
 Total Signal Drivers   : 5
 Total Blocks           : 10
 Total Primitive Blocks : 3
 Total Processes        : 4
 Total Traceable Variables  : 0
 Total Scalar Nets and Variables : 5
ntrace select -o on -m / -l this 
ntrace start 
isimrun 1000 ns 
Simulator is doing circuit initialization process.
Finished circuit initialization process.

 Simulation time 0.078125 sec.

 Estimate current memory usage : 170.422 Meg. 

Mon Jun 13 21:21:14 2022

