 command line:
   ./wag_isim_beh.exe
     -intstyle  ise
     -ipchost  localhost
     -ipcport  57586

Mon Jun 13 20:16:41 2022

Total Line Count : 32

 Elaboration time : 0 sec.

 Estimate current memory usage : 157.774 Meg. 

 Total Signals          : 6
 Total Nets             : 3
 Total Signal Drivers   : 3
 Total Blocks           : 7
 Total Primitive Blocks : 1
 Total Processes        : 2
 Total Traceable Variables  : 0
 Total Scalar Nets and Variables : 3
ntrace select -o on -m / -l this 
ntrace start 
isimrun 1000 ns 
Simulator is doing circuit initialization process.
Finished circuit initialization process.

 Simulation time 0.046875 sec.

 Estimate current memory usage : 170.324 Meg. 

Mon Jun 13 20:17:09 2022

