 command line:
   ./wfsubtractor_isim_beh.exe
     -intstyle  ise
     -ipchost  localhost
     -ipcport  57665

Mon Jun 13 20:49:13 2022

Total Line Count : 48

 Elaboration time : 0.015625 sec.

 Estimate current memory usage : 157.934 Meg. 

 Total Signals          : 10
 Total Nets             : 5
 Total Signal Drivers   : 5
 Total Blocks           : 7
 Total Primitive Blocks : 1
 Total Processes        : 3
 Total Traceable Variables  : 0
 Total Scalar Nets and Variables : 5
ntrace select -o on -m / -l this 
ntrace start 
isimrun 1000 ns 
Simulator is doing circuit initialization process.
Finished circuit initialization process.

 Simulation time 0.140625 sec.

 Estimate current memory usage : 163.406 Meg. 

Mon Jun 13 20:53:10 2022

