 command line:
   ./wfadder_isim_beh.exe
     -intstyle  ise
     -ipchost  localhost
     -ipcport  57718

Mon Jun 13 21:12:14 2022

Total Line Count : 88

 Elaboration time : 0.015625 sec.

 Estimate current memory usage : 157.942 Meg. 

 Total Signals          : 24
 Total Nets             : 8
 Total Signal Drivers   : 8
 Total Blocks           : 10
 Total Primitive Blocks : 3
 Total Processes        : 6
 Total Traceable Variables  : 0
 Total Scalar Nets and Variables : 8
ntrace select -o on -m / -l this 
ntrace start 
isimrun 1000 ns 
Simulator is doing circuit initialization process.
Finished circuit initialization process.

 Simulation time 0.078125 sec.

 Estimate current memory usage : 170.492 Meg. 

Mon Jun 13 21:13:11 2022

