 command line:
   ./whadder_isim_beh.exe
     -intstyle  ise
     -ipchost  localhost
     -ipcport  57691

Mon Jun 13 20:59:49 2022

Total Line Count : 57

 Elaboration time : 0.015625 sec.

 Estimate current memory usage : 158.167 Meg. 

 Total Signals          : 14
 Total Nets             : 4
 Total Signal Drivers   : 4
 Total Blocks           : 9
 Total Primitive Blocks : 2
 Total Processes        : 3
 Total Traceable Variables  : 0
 Total Scalar Nets and Variables : 4
ntrace select -o on -m / -l this 
ntrace start 
isimrun 1000 ns 
Simulator is doing circuit initialization process.
Finished circuit initialization process.

 Simulation time 0.0625 sec.

 Estimate current memory usage : 170.717 Meg. 

Mon Jun 13 21:00:16 2022

