 command line:
   ./wfadder_isim_beh.exe
     -intstyle  ise
     -ipchost  localhost
     -ipcport  57643

Mon Jun 13 20:36:50 2022

Total Line Count : 48

 Elaboration time : 0.046875 sec.

 Estimate current memory usage : 157.704 Meg. 

 Total Signals          : 10
 Total Nets             : 5
 Total Signal Drivers   : 5
 Total Blocks           : 7
 Total Primitive Blocks : 1
 Total Processes        : 3
 Total Traceable Variables  : 0
 Total Scalar Nets and Variables : 5
ntrace select -o on -m / -l this 
ntrace start 
isimrun 1000 ns 
Simulator is doing circuit initialization process.
Finished circuit initialization process.

 Simulation time 0.125 sec.

 Estimate current memory usage : 163.176 Meg. 

Mon Jun 13 20:38:07 2022

