 command line:
   ./whadder_isim_beh.exe
     -intstyle  ise
     -ipchost  localhost
     -ipcport  57628

Mon Jun 13 20:29:49 2022

Total Line Count : 35

 Elaboration time : 0.03125 sec.

 Estimate current memory usage : 157.917 Meg. 

 Total Signals          : 8
 Total Nets             : 4
 Total Signal Drivers   : 4
 Total Blocks           : 7
 Total Primitive Blocks : 1
 Total Processes        : 3
 Total Traceable Variables  : 0
 Total Scalar Nets and Variables : 4
ntrace select -o on -m / -l this 
ntrace start 
isimrun 1000 ns 
Simulator is doing circuit initialization process.
Finished circuit initialization process.

 Simulation time 0.09375 sec.

 Estimate current memory usage : 163.389 Meg. 

Mon Jun 13 20:30:30 2022

